# JRE version: OpenJDK Runtime Environment (11.0.7+10) (build 11.0.7+10-post-Ubuntu-2ubuntu218.04)
# Java VM: OpenJDK 64-Bit Server VM (11.0.7+10-post-Ubuntu-2ubuntu218.04, mixed mode, sharing, tiered, compressed oops, g1 gc, linux-amd64)
Heap:
 garbage-first heap   total 196608K, used 93525K [0x00000000a4400000, 0x0000000100000000)
  region size 1024K, 70 young (71680K), 7 survivors (7168K)
 Metaspace       used 24807K, capacity 25211K, committed 25600K, reserved 1073152K
  class space    used 2629K, capacity 2759K, committed 2816K, reserved 1048576K
GC Heap History (20 events):
Event: 1.863 GC heap before
{Heap before GC invocations=3 (full 0):
 garbage-first heap   total 96256K, used 32378K [0x00000000a4400000, 0x0000000100000000)
  region size 1024K, 29 young (29696K), 1 survivors (1024K)
 Metaspace       used 10138K, capacity 12314K, committed 12672K, reserved 1060864K
  class space    used 1263K, capacity 1548K, committed 1664K, reserved 1048576K
}
Event: 1.869 GC heap after
{Heap after GC invocations=4 (full 0):
 garbage-first heap   total 96256K, used 5223K [0x00000000a4400000, 0x0000000100000000)
  region size 1024K, 3 young (3072K), 3 survivors (3072K)
 Metaspace       used 10138K, capacity 12314K, committed 12672K, reserved 1060864K
  class space    used 1263K, capacity 1548K, committed 1664K, reserved 1048576K
}
Event: 3.721 GC heap before
{Heap before GC invocations=4 (full 0):
 garbage-first heap   total 96256K, used 42087K [0x00000000a4400000, 0x0000000100000000)
  region size 1024K, 39 young (39936K), 3 survivors (3072K)
 Metaspace       used 16069K, capacity 16420K, committed 16640K, reserved 1064960K
  class space    used 1911K, capacity 2040K, committed 2048K, reserved 1048576K
}
Event: 3.774 GC heap after
{Heap after GC invocations=5 (full 0):
 garbage-first heap   total 118784K, used 8107K [0x00000000a4400000, 0x0000000100000000)
  region size 1024K, 5 young (5120K), 5 survivors (5120K)
 Metaspace       used 16069K, capacity 16420K, committed 16640K, reserved 1064960K
  class space    used 1911K, capacity 2040K, committed 2048K, reserved 1048576K
}
Event: 5.138 GC heap before
{Heap before GC invocations=5 (full 0):
 garbage-first heap   total 118784K, used 18347K [0x00000000a4400000, 0x0000000100000000)
  region size 1024K, 16 young (16384K), 5 survivors (5120K)
 Metaspace       used 20468K, capacity 20863K, committed 21248K, reserved 1069056K
  class space    used 2455K, capacity 2559K, committed 2560K, reserved 1048576K
}
Event: 5.223 GC heap after
{Heap after GC invocations=6 (full 0):
 garbage-first heap   total 118784K, used 9725K [0x00000000a4400000, 0x0000000100000000)
  region size 1024K, 6 young (6144K), 6 survivors (6144K)
 Metaspace       used 20468K, capacity 20863K, committed 21248K, reserved 1069056K
  class space    used 2455K, capacity 2559K, committed 2560K, reserved 1048576K
}
Event: 14.652 GC heap before
{Heap before GC invocations=7 (full 0):
 garbage-first heap   total 118784K, used 40445K [0x00000000a4400000, 0x0000000100000000)
  region size 1024K, 36 young (36864K), 6 survivors (6144K)
 Metaspace       used 21882K, capacity 22304K, committed 22656K, reserved 1069056K
  class space    used 2548K, capacity 2674K, committed 2688K, reserved 1048576K
}
Event: 14.696 GC heap after
{Heap after GC invocations=8 (full 0):
 garbage-first heap   total 118784K, used 12611K [0x00000000a4400000, 0x0000000100000000)
  region size 1024K, 5 young (5120K), 5 survivors (5120K)
 Metaspace       used 21882K, capacity 22304K, committed 22656K, reserved 1069056K
  class space    used 2548K, capacity 2674K, committed 2688K, reserved 1048576K
}
Event: 23.378 GC heap before
{Heap before GC invocations=8 (full 0):
 garbage-first heap   total 118784K, used 51523K [0x00000000a4400000, 0x0000000100000000)
  region size 1024K, 43 young (44032K), 5 survivors (5120K)
 Metaspace       used 22267K, capacity 22671K, committed 22912K, reserved 1069056K
  class space    used 2555K, capacity 2682K, committed 2688K, reserved 1048576K
}
Event: 23.395 GC heap after
{Heap after GC invocations=9 (full 0):
 garbage-first heap   total 118784K, used 13919K [0x00000000a4400000, 0x0000000100000000)
  region size 1024K, 4 young (4096K), 4 survivors (4096K)
 Metaspace       used 22267K, capacity 22671K, committed 22912K, reserved 1069056K
  class space    used 2555K, capacity 2682K, committed 2688K, reserved 1048576K
}
Event: 32.332 GC heap before
{Heap before GC invocations=9 (full 0):
 garbage-first heap   total 118784K, used 80479K [0x00000000a4400000, 0x0000000100000000)
  region size 1024K, 69 young (70656K), 4 survivors (4096K)
 Metaspace       used 23193K, capacity 23634K, committed 24064K, reserved 1071104K
  class space    used 2605K, capacity 2748K, committed 2816K, reserved 1048576K
}
Event: 32.414 GC heap after
{Heap after GC invocations=10 (full 0):
 garbage-first heap   total 118784K, used 20676K [0x00000000a4400000, 0x0000000100000000)
  region size 1024K, 9 young (9216K), 9 survivors (9216K)
 Metaspace       used 23193K, capacity 23634K, committed 24064K, reserved 1071104K
  class space    used 2605K, capacity 2748K, committed 2816K, reserved 1048576K
}
Event: 43.098 GC heap before
{Heap before GC invocations=10 (full 0):
 garbage-first heap   total 118784K, used 72900K [0x00000000a4400000, 0x0000000100000000)
  region size 1024K, 60 young (61440K), 9 survivors (9216K)
 Metaspace       used 23477K, capacity 23914K, committed 24320K, reserved 1071104K
  class space    used 2608K, capacity 2755K, committed 2816K, reserved 1048576K
}
Event: 43.127 GC heap after
{Heap after GC invocations=11 (full 0):
 garbage-first heap   total 196608K, used 23838K [0x00000000a4400000, 0x0000000100000000)
  region size 1024K, 3 young (3072K), 3 survivors (3072K)
 Metaspace       used 23477K, capacity 23914K, committed 24320K, reserved 1071104K
  class space    used 2608K, capacity 2755K, committed 2816K, reserved 1048576K
}
Event: 60.215 GC heap before
{Heap before GC invocations=11 (full 0):
 garbage-first heap   total 196608K, used 93470K [0x00000000a4400000, 0x0000000100000000)
  region size 1024K, 71 young (72704K), 3 survivors (3072K)
 Metaspace       used 23942K, capacity 24378K, committed 24832K, reserved 1071104K
  class space    used 2613K, capacity 2759K, committed 2816K, reserved 1048576K
}
Event: 60.264 GC heap after
{Heap after GC invocations=12 (full 0):
 garbage-first heap   total 196608K, used 26688K [0x00000000a4400000, 0x0000000100000000)
  region size 1024K, 6 young (6144K), 6 survivors (6144K)
 Metaspace       used 23942K, capacity 24378K, committed 24832K, reserved 1071104K
  class space    used 2613K, capacity 2759K, committed 2816K, reserved 1048576K
}
Event: 79.855 GC heap before
{Heap before GC invocations=12 (full 0):
 garbage-first heap   total 196608K, used 101440K [0x00000000a4400000, 0x0000000100000000)
  region size 1024K, 79 young (80896K), 6 survivors (6144K)
 Metaspace       used 24197K, capacity 24634K, committed 25088K, reserved 1071104K
  class space    used 2614K, capacity 2759K, committed 2816K, reserved 1048576K
}
Event: 79.878 GC heap after
{Heap after GC invocations=13 (full 0):
 garbage-first heap   total 196608K, used 28689K [0x00000000a4400000, 0x0000000100000000)
  region size 1024K, 6 young (6144K), 6 survivors (6144K)
 Metaspace       used 24197K, capacity 24634K, committed 25088K, reserved 1071104K
  class space    used 2614K, capacity 2759K, committed 2816K, reserved 1048576K
}
Event: 97.241 GC heap before
{Heap before GC invocations=13 (full 0):
 garbage-first heap   total 196608K, used 140305K [0x00000000a4400000, 0x0000000100000000)
  region size 1024K, 115 young (117760K), 6 survivors (6144K)
 Metaspace       used 24789K, capacity 25211K, committed 25600K, reserved 1073152K
  class space    used 2629K, capacity 2759K, committed 2816K, reserved 1048576K
}
Event: 97.270 GC heap after
{Heap after GC invocations=14 (full 0):
 garbage-first heap   total 196608K, used 30037K [0x00000000a4400000, 0x0000000100000000)
  region size 1024K, 7 young (7168K), 7 survivors (7168K)
 Metaspace       used 24789K, capacity 25211K, committed 25600K, reserved 1073152K
  class space    used 2629K, capacity 2759K, committed 2816K, reserved 1048576K
}

